[LOG 14:48:44.586] Log started at 2025-01-25 14:48:44.586
[LOG 14:48:47.031] Checking Cache
[LOG 14:48:47.291] SHA generated in 0.254s
[LOG 14:48:47.291]       SHA = 81-90-0D-8A-99-18-DE-2C-A5-A2-EA-1A-5B-4E-93-8D-BD-FE-C3-5A-79-4A-24-D9-97-A8-62-02-16-26-1F-FD
[LOG 14:48:47.292] Pre patch init
[LOG 14:48:47.838] compiling list of loaded mods...
Mod DLLs found:
  Name                                    Assembly Version         Assembly File Version    KSPAssembly Version      SHA256

  Assembly-CSharp                         0.0.0.0                  0.0.0.0                  1.12                     8a20892953fc14c02f352b393eb6712c665156d94a7d846d16c20a7de3e22f27
  ModuleManager                           4.2.3.0                  4.2.3.0                  2.5                      95847827ab293b9e82a19b7efb97ffea3e98cc03b181862536ac8eb572e30d7d
  KSPSteamCtrlr                           0.0.1.35                 0.0.1.35                                          1675fa4fcb61d014eb1babe7eed703e7f76a1008537ee57ca7cec65cd9ff94ac
Non-DLL mods added (:FOR[xxx]):
  ModA
Mods by directory (sub directories of GameData):
  ModB
  ModC
  Squad
  SquadExpansion
Mods added by assemblies:

[LOG 14:48:47.840] Loading Physics.cfg
[LOG 14:48:47.843] Extracting patches
[LOG 14:48:48.024] Applying patches
[LOG 14:48:48.027] :INSERT (initial) pass
[LOG 14:48:48.202] :FIRST pass
[LOG 14:48:48.202] :LEGACY (default) pass
[LOG 14:48:48.211] :BEFORE[ASSEMBLY-CSHARP] pass
[LOG 14:48:48.211] :FOR[ASSEMBLY-CSHARP] pass
[LOG 14:48:48.211] :AFTER[ASSEMBLY-CSHARP] pass
[LOG 14:48:48.211] :BEFORE[KSPSTEAMCTRLR] pass
[LOG 14:48:48.211] :FOR[KSPSTEAMCTRLR] pass
[LOG 14:48:48.211] :AFTER[KSPSTEAMCTRLR] pass
[LOG 14:48:48.211] :BEFORE[MODA] pass
[LOG 14:48:48.211] :FOR[MODA] pass
[LOG 14:48:48.215] Applying update ModC/config/@PART[ModA-Part]:FOR[ModA]:NEEDS[ModA,ModB,ModC] to ModA/config.cfg/PART[ModA-Part]
[LOG 14:48:48.230] :AFTER[MODA] pass
[LOG 14:48:48.230] :BEFORE[MODB] pass
[LOG 14:48:48.230] :FOR[MODB] pass
[LOG 14:48:48.230] :AFTER[MODB] pass
[LOG 14:48:48.230] :BEFORE[MODC] pass
[LOG 14:48:48.230] :FOR[MODC] pass
[LOG 14:48:48.230] :AFTER[MODC] pass
[LOG 14:48:48.230] :BEFORE[MODULEMANAGER] pass
[LOG 14:48:48.230] :FOR[MODULEMANAGER] pass
[LOG 14:48:48.230] :AFTER[MODULEMANAGER] pass
[LOG 14:48:48.230] :BEFORE[SQUAD] pass
[LOG 14:48:48.230] :FOR[SQUAD] pass
[LOG 14:48:48.230] :AFTER[SQUAD] pass
[LOG 14:48:48.230] :BEFORE[SQUADEXPANSION] pass
[LOG 14:48:48.230] :FOR[SQUADEXPANSION] pass
[LOG 14:48:48.230] :AFTER[SQUADEXPANSION] pass
[LOG 14:48:48.233] :FINAL pass
[LOG 14:48:48.233] Done patching
[LOG 14:48:48.234] Saving Cache
[LOG 14:48:48.501] Saving cache
[LOG 14:48:50.491] ModuleManager: 1 patch applied

[LOG 14:48:50.491] Ran in 3.460s
[LOG 14:48:50.539] Done!
